2024-11-28 15:10:56:1056 info: Server HTTP is running on port 4000
2024-11-28 15:11:27:1127 info: Server HTTP is running on port 4000
2024-11-28 15:14:54:1454 info: Server HTTP is running on port 4000
2024-12-04 12:23:21:2321 info: enviroment: dev
2024-12-04 12:23:21:2321 info: Server HTTP is running on port 4000
2024-12-04 12:24:20:2420 info: enviroment: dev
2024-12-04 12:24:20:2420 info: Server HTTP is running on port 4000
2024-12-04 12:26:24:2624 info: enviroment: dev
2024-12-04 12:26:24:2624 info: Server HTTP is running on port 4000
2024-12-04 12:30:55:3055 info: enviroment: dev
2024-12-04 12:30:55:3055 info: Server HTTP is running on port 4000
2024-12-04 12:53:07:537 info: enviroment: dev
2024-12-04 12:53:07:537 info: Server HTTP is running on port 4000
2024-12-04 12:54:19:5419 info: enviroment: dev
2024-12-04 12:54:19:5419 info: Server HTTP is running on port 4000
2024-12-04 12:57:04:574 info: enviroment: dev
2024-12-04 12:57:04:574 info: Server HTTP is running on port 4000
2024-12-04 12:57:10:5710 info: enviroment: dev
2024-12-04 12:57:10:5710 info: Server HTTP is running on port 4000
2024-12-04 13:01:01:11 info: enviroment: dev
2024-12-04 13:01:01:11 info: Server HTTP is running on port 4000
2024-12-04 13:01:52:152 info: enviroment: dev
2024-12-04 13:01:52:152 info: Server HTTP is running on port 4000
2024-12-04 13:01:54:154 info: enviroment: dev
2024-12-04 13:01:54:154 info: Server HTTP is running on port 4000
2024-12-04 13:01:56:156 info: enviroment: dev
2024-12-04 13:01:56:156 info: Server HTTP is running on port 4000
2024-12-04 13:01:58:158 info: enviroment: dev
2024-12-04 13:01:58:158 info: Server HTTP is running on port 4000
2024-12-04 13:02:00:20 info: enviroment: dev
2024-12-04 13:02:00:20 info: Server HTTP is running on port 4000
2024-12-04 13:02:02:22 info: enviroment: dev
2024-12-04 13:02:02:22 info: Server HTTP is running on port 4000
2024-12-04 13:02:04:24 info: enviroment: dev
2024-12-04 13:02:04:24 info: Server HTTP is running on port 4000
2024-12-04 13:02:06:26 info: enviroment: dev
2024-12-04 13:02:06:26 info: Server HTTP is running on port 4000
2024-12-04 13:02:07:27 info: enviroment: dev
2024-12-04 13:02:07:27 info: Server HTTP is running on port 4000
2024-12-04 13:04:24:424 info: enviroment: dev
2024-12-04 13:04:24:424 info: Server HTTP is running on port 4000
2024-12-04 13:04:26:426 info: enviroment: dev
2024-12-04 13:04:26:426 info: Server HTTP is running on port 4000
2024-12-04 13:04:27:427 info: enviroment: dev
2024-12-04 13:04:27:427 info: Server HTTP is running on port 4000
2024-12-04 13:04:29:429 info: enviroment: dev
2024-12-04 13:04:29:429 info: Server HTTP is running on port 4000
2024-12-04 13:04:31:431 info: enviroment: dev
2024-12-04 13:04:31:431 info: Server HTTP is running on port 4000
2024-12-04 13:04:32:432 info: enviroment: dev
2024-12-04 13:04:32:432 info: Server HTTP is running on port 4000
2024-12-04 13:04:33:433 info: enviroment: dev
2024-12-04 13:04:34:434 info: Server HTTP is running on port 4000
2024-12-04 13:04:35:435 info: enviroment: dev
2024-12-04 13:04:35:435 info: Server HTTP is running on port 4000
2024-12-04 13:04:36:436 info: enviroment: dev
2024-12-04 13:04:36:436 info: Server HTTP is running on port 4000
2024-12-04 13:11:39:1139 info: enviroment: dev
2024-12-04 13:11:39:1139 info: Server HTTP is running on port 4000
2024-12-04 13:12:08:128 info: enviroment: dev
2024-12-04 13:12:08:128 info: Server HTTP is running on port 4000
2024-12-04 13:12:19:1219 info: enviroment: dev
2024-12-04 13:12:19:1219 info: Server HTTP is running on port 4000
2024-12-04 13:12:54:1254 info: enviroment: dev
2024-12-04 13:12:54:1254 info: Server HTTP is running on port 4000
2024-12-04 13:15:44:1544 info: enviroment: dev
2024-12-04 13:15:44:1544 info: Server HTTP is running on port 4000
2024-12-04 13:16:24:1624 info: enviroment: dev
2024-12-04 13:16:24:1624 info: Server HTTP is running on port 4000
2024-12-04 13:23:06:236 info: enviroment: dev
2024-12-04 13:23:06:236 info: Server HTTP is running on port 4000
2024-12-04 13:23:13:2313 info: enviroment: dev
2024-12-04 13:23:13:2313 info: Server HTTP is running on port 4000
2024-12-04 13:23:19:2319 info: enviroment: dev
2024-12-04 13:23:19:2319 info: Server HTTP is running on port 4000
2024-12-04 13:34:16:3416 info: enviroment: dev
2024-12-04 13:34:16:3416 info: Server HTTP is running on port 4000
2024-12-04 13:34:52:3452 info: enviroment: dev
2024-12-04 13:34:52:3452 info: Server HTTP is running on port 4000
2024-12-04 13:36:42:3642 info: enviroment: dev
2024-12-04 13:36:42:3642 info: Server HTTP is running on port 4000
2024-12-04 13:37:19:3719 info: enviroment: dev
2024-12-04 13:37:19:3719 info: Server HTTP is running on port 4000
2024-12-04 13:39:00:390 info: enviroment: dev
2024-12-04 13:39:00:390 info: Server HTTP is running on port 4000
2024-12-04 13:39:07:397 info: enviroment: dev
2024-12-04 13:39:07:397 info: Server HTTP is running on port 4000
2024-12-04 13:43:30:4330 info: enviroment: dev
2024-12-04 13:43:30:4330 info: Server HTTP is running on port 4000
2024-12-04 13:43:45:4345 info: enviroment: dev
2024-12-04 13:43:45:4345 info: Server HTTP is running on port 4000
2024-12-04 13:44:17:4417 http: ::ffff:127.0.0.1 - GET /api/v1/private/priorities/ 200 302 - 1416.889 ms

2024-12-04 13:46:21:4621 info: enviroment: dev
2024-12-04 13:46:21:4621 info: Server HTTP is running on port 4000
2024-12-04 13:46:40:4640 info: enviroment: dev
2024-12-04 13:46:40:4640 info: Server HTTP is running on port 4000
2024-12-04 13:46:41:4641 http: ::ffff:127.0.0.1 - GET /api/v1/private/priorities/id?id_priorit=1 500 2126 - 664.616 ms

2024-12-04 13:49:59:4959 info: enviroment: dev
2024-12-04 13:49:59:4959 info: Server HTTP is running on port 4000
2024-12-04 13:50:08:508 info: enviroment: dev
2024-12-04 13:50:08:508 info: Server HTTP is running on port 4000
2024-12-04 13:50:11:5011 error: 
Invalid `prisma.priorities.findMany()` invocation:

{
  where: {
    id_priorit: 1,
    ~~~~~~~~~~
?   AND?: prioritiesWhereInput | prioritiesWhereInput[],
?   OR?: prioritiesWhereInput[],
?   NOT?: prioritiesWhereInput | prioritiesWhereInput[],
?   id_priority?: IntFilter | Int,
?   name?: StringFilter | String,
?   description?: StringNullableFilter | String | Null,
?   user_reg?: StringFilter | String,
?   date_reg?: DateTimeFilter | DateTime,
?   user_fin_reg?: StringNullableFilter | String | Null,
?   date_fin_reg?: DateTimeNullableFilter | DateTime | Null,
?   tasks?: TasksListRelationFilter
  },
  orderBy: {
    id_priorit: "asc"
  }
}

Unknown argument `id_priorit`. Did you mean `id_priority`? Available options are marked with ?.
2024-12-04 13:50:11:5011 http: ::ffff:127.0.0.1 - GET /api/v1/private/priorities/id?id_priorit=1 500 801 - 721.855 ms

2024-12-04 13:51:38:5138 info: enviroment: dev
2024-12-04 13:51:38:5138 info: Server HTTP is running on port 4000
2024-12-04 13:51:40:5140 error: 
Invalid `prisma.priorities.findMany()` invocation:

{
  where: {
    id_priorit: 1,
    ~~~~~~~~~~
?   AND?: prioritiesWhereInput | prioritiesWhereInput[],
?   OR?: prioritiesWhereInput[],
?   NOT?: prioritiesWhereInput | prioritiesWhereInput[],
?   id_priority?: IntFilter | Int,
?   name?: StringFilter | String,
?   description?: StringNullableFilter | String | Null,
?   user_reg?: StringFilter | String,
?   date_reg?: DateTimeFilter | DateTime,
?   user_fin_reg?: StringNullableFilter | String | Null,
?   date_fin_reg?: DateTimeNullableFilter | DateTime | Null,
?   tasks?: TasksListRelationFilter
  },
  orderBy: {
    id_priorit: "asc"
  }
}

Unknown argument `id_priorit`. Did you mean `id_priority`? Available options are marked with ?.
2024-12-04 13:51:40:5140 http: ::ffff:127.0.0.1 - GET /api/v1/private/priorities/id?id_priorit=1 500 838 - 649.789 ms

2024-12-04 13:53:01:531 info: enviroment: dev
2024-12-04 13:53:01:531 info: Server HTTP is running on port 4000
2024-12-04 13:53:07:537 info: enviroment: dev
2024-12-04 13:53:07:537 info: Server HTTP is running on port 4000
2024-12-04 13:53:09:539 error: 
Invalid `prisma.priorities.findMany()` invocation:

{
  where: {
    id_priorit: 1,
    ~~~~~~~~~~
?   AND?: prioritiesWhereInput | prioritiesWhereInput[],
?   OR?: prioritiesWhereInput[],
?   NOT?: prioritiesWhereInput | prioritiesWhereInput[],
?   id_priority?: IntFilter | Int,
?   name?: StringFilter | String,
?   description?: StringNullableFilter | String | Null,
?   user_reg?: StringFilter | String,
?   date_reg?: DateTimeFilter | DateTime,
?   user_fin_reg?: StringNullableFilter | String | Null,
?   date_fin_reg?: DateTimeNullableFilter | DateTime | Null,
?   tasks?: TasksListRelationFilter
  },
  orderBy: {
    id_priorit: "asc"
  }
}

Unknown argument `id_priorit`. Did you mean `id_priority`? Available options are marked with ?.
2024-12-04 13:53:09:539 http: ::ffff:127.0.0.1 - GET /api/v1/private/priorities/id?id_priorit=1 500 838 - 641.743 ms

2024-12-04 13:53:15:5315 http: ::ffff:127.0.0.1 - GET /api/v1/private/priorities/id?id_priority=1 200 150 - 214.785 ms

2024-12-04 13:53:32:5332 info: enviroment: dev
2024-12-04 13:53:33:5333 info: Server HTTP is running on port 4000
2024-12-04 13:53:43:5343 info: enviroment: dev
2024-12-04 13:53:43:5343 info: Server HTTP is running on port 4000
2024-12-04 15:36:37:3637 info: enviroment: dev
2024-12-04 15:36:37:3637 info: Server HTTP is running on port 4000
2024-12-04 15:37:04:374 http: ::ffff:127.0.0.1 - GET /api/v1/private/sprints/ 200 2 - 1478.241 ms

2024-12-04 15:45:24:4524 http: ::ffff:127.0.0.1 - GET /api/v1/private/entities/task/ 200 2 - 1345.633 ms

2024-12-04 15:45:46:4546 http: ::ffff:127.0.0.1 - GET /api/v1/private/entities/ 200 2 - 249.592 ms

2024-12-04 15:47:30:4730 http: ::ffff:127.0.0.1 - GET /api/v1/private/departments/ 200 143 - 246.209 ms

2024-12-04 15:48:16:4816 http: ::ffff:127.0.0.1 - GET /api/v1/private/roles/ 200 2 - 246.593 ms

2024-12-04 15:48:29:4829 http: ::ffff:127.0.0.1 - GET /api/v1/private/roles/ 200 2 - 82.374 ms

